<?xml version="1.0" encoding="UTF-8"?>
<testng-results ignored="0" total="1" passed="1" failed="0" skipped="0">
  <reporter-output>
  </reporter-output>
  <suite started-at="2022-06-17T08:54:18Z" name="Default suite" finished-at="2022-06-17T08:54:25Z" duration-ms="6407">
    <groups>
    </groups>
    <test started-at="2022-06-17T08:54:18Z" name="Default test" finished-at="2022-06-17T08:54:25Z" duration-ms="6407">
      <class name="apiChaining.Runnerclass">
        <test-method signature="RunnerMethod()[pri:0, instance:apiChaining.Runnerclass@d278d2b]" started-at="2022-06-17T08:54:18Z" name="RunnerMethod" finished-at="2022-06-17T08:54:25Z" duration-ms="6380" status="PASS">
          <reporter-output>
          </reporter-output>
        </test-method> <!-- RunnerMethod -->
      </class> <!-- apiChaining.Runnerclass -->
    </test> <!-- Default test -->
  </suite> <!-- Default suite -->
</testng-results>
